Using pre-set license
Built from '6000.0/staging' branch; Version is '6000.0.55f1 (c5f59906196d) revision 12973465'; Using compiler version '193933523'; Build Type 'Release'
OS: 'Windows 10  (10.0.19045) 64bit Professional' Language: 'ko' Physical Memory: 15740 MB
BatchMode: 1, IsHumanControllingUs: 0, StartBugReporterOnCrash: 0, Is64bit: 1
Date: 2025-08-29T01:26:37Z

COMMAND LINE ARGUMENTS:
C:\Program Files\Unity\Hub\Editor\6000.0.55f1\Editor\Unity.exe
-adb2
-batchMode
-noUpm
-name
AssetImportWorker1
-projectPath
C:/이재영/Zombieproject/Zombiepro
-logFile
Logs/AssetImportWorker1.log
-srvPort
59319
-job-worker-count
5
-background-job-worker-count
8
-gc-helper-count
1
Successfully changed project path to: C:/이재영/Zombieproject/Zombiepro
C:/이재영/Zombieproject/Zombiepro
[UnityMemory] Configuration Parameters - Can be set up in boot.config
    "memorysetup-bucket-allocator-granularity=16"
    "memorysetup-bucket-allocator-bucket-count=8"
    "memorysetup-bucket-allocator-block-size=33554432"
    "memorysetup-bucket-allocator-block-count=8"
    "memorysetup-main-allocator-block-size=16777216"
    "memorysetup-thread-allocator-block-size=16777216"
    "memorysetup-gfx-main-allocator-block-size=16777216"
    "memorysetup-gfx-thread-allocator-block-size=16777216"
    "memorysetup-cache-allocator-block-size=4194304"
    "memorysetup-typetree-allocator-block-size=2097152"
    "memorysetup-profiler-bucket-allocator-granularity=16"
    "memorysetup-profiler-bucket-allocator-bucket-count=8"
    "memorysetup-profiler-bucket-allocator-block-size=33554432"
    "memorysetup-profiler-bucket-allocator-block-count=8"
    "memorysetup-profiler-allocator-block-size=16777216"
    "memorysetup-profiler-editor-allocator-block-size=1048576"
    "memorysetup-temp-allocator-size-main=16777216"
    "memorysetup-job-temp-allocator-block-size=2097152"
    "memorysetup-job-temp-allocator-block-size-background=1048576"
    "memorysetup-job-temp-allocator-reduction-small-platforms=262144"
    "memorysetup-allocator-temp-initial-block-size-main=262144"
    "memorysetup-allocator-temp-initial-block-size-worker=262144"
    "memorysetup-temp-allocator-size-background-worker=32768"
    "memorysetup-temp-allocator-size-job-worker=262144"
    "memorysetup-temp-allocator-size-preload-manager=33554432"
    "memorysetup-temp-allocator-size-nav-mesh-worker=65536"
    "memorysetup-temp-allocator-size-audio-worker=65536"
    "memorysetup-temp-allocator-size-cloud-worker=32768"
    "memorysetup-temp-allocator-size-gi-baking-worker=262144"
    "memorysetup-temp-allocator-size-gi-baking-worker=262144"
    "memorysetup-temp-allocator-size-gi-baking-worker=262144"
    "memorysetup-temp-allocator-size-gi-baking-worker=262144"
    "memorysetup-temp-allocator-size-gi-baking-worker=262144"
    "memorysetup-temp-allocator-size-gfx=262144"
Player connection [23108]  Target information:

Player connection [23108]  * "[IP] 192.168.0.182 [Port] 0 [Flags] 2 [Guid] 1358371961 [EditorId] 1358371961 [Version] 1048832 [Id] WindowsEditor(7,DESKTOP-PIVD32E) [Debug] 1 [PackageName] WindowsEditor [ProjectName] Editor" 

Player connection [23108] Host joined multi-casting on [225.0.0.222:54997]...
Player connection [23108] Host joined alternative multi-casting on [225.0.0.222:34997]...
JobSystem: Creating JobQueue using job-worker-count value 5
Input System module state changed to: Initialized.
[Physics::Module] Initialized fallback backend.
[Physics::Module] Id: 0xdecafbad
Library Redirect Path: Library/
[Physics::Module] Selected backend.
[Physics::Module] Name: PhysX
[Physics::Module] Id: 0xf2b8ea05
[Physics::Module] SDK Version: 4.1.2
[Physics::Module] Integration Version: 1.0.0
[Physics::Module] Threading Mode: Multi-Threaded
Refreshing native plugins compatible for Editor in 4.24 ms, found 6 plugins.
Preloading 1 native plugins for Editor in 0.66 ms.
Initialize engine version: 6000.0.55f1 (c5f59906196d)
[Subsystems] Discovering subsystems at path C:/Program Files/Unity/Hub/Editor/6000.0.55f1/Editor/Data/Resources/UnitySubsystems
[Subsystems] Discovering subsystems at path C:/이재영/Zombieproject/Zombiepro/Assets
GfxDevice: creating device client; kGfxThreadingModeNonThreaded
Direct3D:
    Version:  Direct3D 11.0 [level 11.1]
    Renderer: AMD Radeon(TM) Graphics (ID=0x1638)
    Vendor:   ATI
    VRAM:     7870 MB
    Driver:   31.0.21923.1000
Initialize mono
Mono path[0] = 'C:/Program Files/Unity/Hub/Editor/6000.0.55f1/Editor/Data/Managed'
Mono path[1] = 'C:/Program Files/Unity/Hub/Editor/6000.0.55f1/Editor/Data/MonoBleedingEdge/lib/mono/unityjit-win32'
Mono config path = 'C:/Program Files/Unity/Hub/Editor/6000.0.55f1/Editor/Data/MonoBleedingEdge/etc'
Using monoOptions --debugger-agent=transport=dt_socket,embedding=1,server=y,suspend=n,address=127.0.0.1:56056
Begin MonoManager ReloadAssembly
Registering precompiled unity dll's ...
Register platform support module: C:/Program Files/Unity/Hub/Editor/6000.0.55f1/Editor/Data/PlaybackEngines/WindowsStandaloneSupport/UnityEditor.WindowsStandalone.Extensions.dll
Register platform support module: C:/Program Files/Unity/Hub/Editor/6000.0.55f1/Editor/Data/PlaybackEngines/AndroidPlayer/UnityEditor.Android.Extensions.dll
Registered in 0.003468 seconds.
- Loaded All Assemblies, in  0.392 seconds
Native extension for Android target not found
Android Extension - Scanning For ADB Devices 200 ms
Native extension for WindowsStandalone target not found
Mono: successfully reloaded assembly
- Finished resetting the current domain, in  0.552 seconds
Domain Reload Profiling: 942ms
	BeginReloadAssembly (142ms)
		ExecutionOrderSort (0ms)
		DisableScriptedObjects (0ms)
		BackupInstance (0ms)
		ReleaseScriptingObjects (0ms)
		CreateAndSetChildDomain (1ms)
	RebuildCommonClasses (34ms)
	RebuildNativeTypeToScriptingClass (12ms)
	initialDomainReloadingComplete (59ms)
	LoadAllAssembliesAndSetupDomain (141ms)
		LoadAssemblies (140ms)
		RebuildTransferFunctionScriptingTraits (0ms)
		AnalyzeDomain (138ms)
			TypeCache.Refresh (136ms)
				TypeCache.ScanAssembly (125ms)
			BuildScriptInfoCaches (0ms)
			ResolveRequiredComponents (0ms)
	FinalizeReload (553ms)
		ReleaseScriptCaches (0ms)
		RebuildScriptCaches (0ms)
		SetupLoadedEditorAssemblies (519ms)
			LogAssemblyErrors (0ms)
			InitializePlatformSupportModulesInManaged (279ms)
			SetLoadedEditorAssemblies (3ms)
			BeforeProcessingInitializeOnLoad (58ms)
			ProcessInitializeOnLoadAttributes (125ms)
			ProcessInitializeOnLoadMethodAttributes (54ms)
			AfterProcessingInitializeOnLoad (0ms)
			EditorAssembliesLoaded (0ms)
		ExecutionOrderSort2 (0ms)
		AwakeInstancesAfterBackupRestoration (0ms)
Assembly reference Packages/com.unity.cinemachine/Editor/Samples/ExposeHDRPInternals/HDRP-Editor-ref.asmref has no target assembly definition
========================================================================
Worker process is ready to serve import requests
Import Worker Mode flag is 0x00
Assembly reference Packages/com.unity.cinemachine/Editor/Samples/ExposeHDRPInternals/HDRP-Editor-ref.asmref has no target assembly definition
Assembly reference Packages/com.unity.cinemachine/Editor/Samples/ExposeHDRPInternals/HDRP-Editor-ref.asmref has no target assembly definition
Begin MonoManager ReloadAssembly
- Loaded All Assemblies, in  0.531 seconds
Assembly reference Packages/com.unity.cinemachine/Editor/Samples/ExposeHDRPInternals/HDRP-Editor-ref.asmref has no target assembly definition
'Packages/com.unity.cinemachine/Editor/Obsolete/CinemachineVirtualCameraBaseEditor.cs' contains partial class of Unity.Object, exactly 1 of the partial classes needs to be in a file with the same filename. This is to know the one that can be referenced from ie. GameObjects
'Packages/com.unity.cinemachine/Editor/Editors/CinemachineVirtualCameraBaseEditor.cs' contains partial class of Unity.Object, exactly 1 of the partial classes needs to be in a file with the same filename. This is to know the one that can be referenced from ie. GameObjects
Refreshing native plugins compatible for Editor in 2.36 ms, found 6 plugins.
Native extension for Android target not found
Native extension for WindowsStandalone target not found
Assembly reference Packages/com.unity.cinemachine/Editor/Samples/ExposeHDRPInternals/HDRP-Editor-ref.asmref has no target assembly definition
Package Manager log level set to [2]
[Package Manager] Failed to launch server process. Reason: Unity was launched with the -noUpm command-line argument
[Package Manager] Unable to send message (not connected to server process).
[Package Manager] Cannot connect to Unity Package Manager local server
[Package Manager] Failed to launch server process. Reason: Unity was launched with the -noUpm command-line argument
[Package Manager] Unable to send message (not connected to server process).
[Package Manager] Cannot connect to Unity Package Manager local server
Mono: successfully reloaded assembly
- Finished resetting the current domain, in  0.357 seconds
Domain Reload Profiling: 885ms
	BeginReloadAssembly (174ms)
		ExecutionOrderSort (0ms)
		DisableScriptedObjects (6ms)
		BackupInstance (0ms)
		ReleaseScriptingObjects (0ms)
		CreateAndSetChildDomain (37ms)
	RebuildCommonClasses (31ms)
	RebuildNativeTypeToScriptingClass (10ms)
	initialDomainReloadingComplete (36ms)
	LoadAllAssembliesAndSetupDomain (276ms)
		LoadAssemblies (279ms)
		RebuildTransferFunctionScriptingTraits (0ms)
		AnalyzeDomain (90ms)
			TypeCache.Refresh (64ms)
				TypeCache.ScanAssembly (54ms)
			BuildScriptInfoCaches (18ms)
			ResolveRequiredComponents (6ms)
	FinalizeReload (357ms)
		ReleaseScriptCaches (0ms)
		RebuildScriptCaches (0ms)
		SetupLoadedEditorAssemblies (261ms)
			LogAssemblyErrors (0ms)
			InitializePlatformSupportModulesInManaged (10ms)
			SetLoadedEditorAssemblies (4ms)
			BeforeProcessingInitializeOnLoad (80ms)
			ProcessInitializeOnLoadAttributes (128ms)
			ProcessInitializeOnLoadMethodAttributes (33ms)
			AfterProcessingInitializeOnLoad (6ms)
			EditorAssembliesLoaded (0ms)
		ExecutionOrderSort2 (0ms)
		AwakeInstancesAfterBackupRestoration (5ms)
Launched and connected shader compiler UnityShaderCompiler.exe after 0.01 seconds
Refreshing native plugins compatible for Editor in 2.20 ms, found 6 plugins.
Preloading 1 native plugins for Editor in 0.05 ms.
Unloading 5 Unused Serialized files (Serialized files now loaded: 0)
Unloading 2645 unused Assets / (1.8 MB). Loaded Objects now: 3134.
Memory consumption went from 75.8 MB to 74.0 MB.
Total: 5.260600 ms (FindLiveObjects: 0.383700 ms CreateObjectMapping: 0.144900 ms MarkObjects: 3.485100 ms  DeleteObjects: 1.246300 ms)

========================================================================
Received Import Request.
  Time since last request: 954294.226506 seconds.
  path: Assets/Textures/BatOcclusion.png
  artifactKey: Guid(ed22a54916e788349a9667dde244c8db) Importer(2089858483,192608db42251d675da83286b1cce702)
Start importing Assets/Textures/BatOcclusion.png using Guid(ed22a54916e788349a9667dde244c8db) Importer(2089858483,192608db42251d675da83286b1cce702) (ScriptedImporter) -> (artifact id: 'b668a66943bb2c6ecbf7d9bd5a38bbda') in 0.1223891 seconds
Number of updated asset objects reloaded before import = 0Number of asset objects unloaded after import = 1

========================================================================
Received Import Request.
  Time since last request: 0.000039 seconds.
  path: Assets/Textures/DollhouseOcclusion.png
  artifactKey: Guid(953a666cbf70033428e8c1afa360bede) Importer(2089858483,192608db42251d675da83286b1cce702)
Start importing Assets/Textures/DollhouseOcclusion.png using Guid(953a666cbf70033428e8c1afa360bede) Importer(2089858483,192608db42251d675da83286b1cce702) (ScriptedImporter) -> (artifact id: '0fd0a0ba42d707c95b7da65f70d69a5e') in 0.0092163 seconds
Number of updated asset objects reloaded before import = 0Number of asset objects unloaded after import = 1

========================================================================
Received Import Request.
  Time since last request: 0.000026 seconds.
  path: Assets/Materials/FlareParticleMaterial.mat
  artifactKey: Guid(b75a561f374f89247a62336b50288d40) Importer(2089858483,192608db42251d675da83286b1cce702)
Start importing Assets/Materials/FlareParticleMaterial.mat using Guid(b75a561f374f89247a62336b50288d40) Importer(2089858483,192608db42251d675da83286b1cce702) (ScriptedImporter) -> (artifact id: 'ec0b97b6af95b0d87e17aeb060cee21d') in 0.014649 seconds
Number of updated asset objects reloaded before import = 0Number of asset objects unloaded after import = 1

========================================================================
Received Import Request.
  Time since last request: 0.000025 seconds.
  path: Assets/Textures/TrainOcclusion.png
  artifactKey: Guid(410beef8631343141bc5c918b4f4fe03) Importer(2089858483,192608db42251d675da83286b1cce702)
Start importing Assets/Textures/TrainOcclusion.png using Guid(410beef8631343141bc5c918b4f4fe03) Importer(2089858483,192608db42251d675da83286b1cce702) (ScriptedImporter) -> (artifact id: '6afd0f0f93855d294d65191a987260aa') in 0.0107349 seconds
Number of updated asset objects reloaded before import = 0Number of asset objects unloaded after import = 1

========================================================================
Received Import Request.
  Time since last request: 0.000019 seconds.
  path: Assets/Textures/PuffSprite.png
  artifactKey: Guid(acdb41fd591a7434a9f285ba714869c9) Importer(2089858483,192608db42251d675da83286b1cce702)
Start importing Assets/Textures/PuffSprite.png using Guid(acdb41fd591a7434a9f285ba714869c9) Importer(2089858483,192608db42251d675da83286b1cce702) (ScriptedImporter) -> (artifact id: '678182b3b37b6b527b27a35b371f1c6d') in 0.0079535 seconds
Number of updated asset objects reloaded before import = 0Number of asset objects unloaded after import = 1

========================================================================
Received Import Request.
  Time since last request: 0.000029 seconds.
  path: Assets/Textures/BatDiffuse.png
  artifactKey: Guid(028342423eafc3a4d8ea4788371d744d) Importer(2089858483,192608db42251d675da83286b1cce702)
Start importing Assets/Textures/BatDiffuse.png using Guid(028342423eafc3a4d8ea4788371d744d) Importer(2089858483,192608db42251d675da83286b1cce702) (ScriptedImporter) -> (artifact id: '2773de98d8169b973b5ed24b51ac0211') in 0.0103146 seconds
Number of updated asset objects reloaded before import = 0Number of asset objects unloaded after import = 1

========================================================================
Received Import Request.
  Time since last request: 0.000028 seconds.
  path: Assets/Prefabs/GunParticles.prefab
  artifactKey: Guid(0bd11145ced4539458f937fc4609544a) Importer(2089858483,192608db42251d675da83286b1cce702)
Start importing Assets/Prefabs/GunParticles.prefab using Guid(0bd11145ced4539458f937fc4609544a) Importer(2089858483,192608db42251d675da83286b1cce702) (ScriptedImporter) -> (artifact id: '782634a6413d516622aa83ec5a083e78') in 0.1019022 seconds
Number of updated asset objects reloaded before import = 0Number of asset objects unloaded after import = 6

========================================================================
Received Import Request.
  Time since last request: 0.000035 seconds.
  path: Assets/Textures/PlanksNormals.png
  artifactKey: Guid(777d258aba35c41459675e40cf92c808) Importer(2089858483,192608db42251d675da83286b1cce702)
Start importing Assets/Textures/PlanksNormals.png using Guid(777d258aba35c41459675e40cf92c808) Importer(2089858483,192608db42251d675da83286b1cce702) (ScriptedImporter) -> (artifact id: '13a9020a59f35969ed95a82ba0af09c1') in 0.0183795 seconds
Number of updated asset objects reloaded before import = 0Number of asset objects unloaded after import = 1

========================================================================
Received Import Request.
  Time since last request: 0.000025 seconds.
  path: Assets/Textures/UIButtonDefault.png
  artifactKey: Guid(691c72ed2864a3f42a2479bbe70525cc) Importer(2089858483,192608db42251d675da83286b1cce702)
Start importing Assets/Textures/UIButtonDefault.png using Guid(691c72ed2864a3f42a2479bbe70525cc) Importer(2089858483,192608db42251d675da83286b1cce702) (ScriptedImporter) -> (artifact id: '6a316b575328931a03c37e3663a6074a') in 0.0173314 seconds
Number of updated asset objects reloaded before import = 0Number of asset objects unloaded after import = 3

========================================================================
Received Import Request.
  Time since last request: 0.000028 seconds.
  path: Assets/Textures/DollhouseNormals.png
  artifactKey: Guid(5ba68f68e49792d4f9c087cd137ec0a9) Importer(2089858483,192608db42251d675da83286b1cce702)
Start importing Assets/Textures/DollhouseNormals.png using Guid(5ba68f68e49792d4f9c087cd137ec0a9) Importer(2089858483,192608db42251d675da83286b1cce702) (ScriptedImporter) -> (artifact id: '6bee3e5dab342e60614ee29c9a0c309b') in 0.0125142 seconds
Number of updated asset objects reloaded before import = 0Number of asset objects unloaded after import = 1

========================================================================
Received Import Request.
  Time since last request: 0.000015 seconds.
  path: Assets/Textures/HearseOcclusion.png
  artifactKey: Guid(1fab1e4d34b275a4cadc3c9f81ad817a) Importer(2089858483,192608db42251d675da83286b1cce702)
Start importing Assets/Textures/HearseOcclusion.png using Guid(1fab1e4d34b275a4cadc3c9f81ad817a) Importer(2089858483,192608db42251d675da83286b1cce702) (ScriptedImporter) -> (artifact id: 'af30e53634f8377774ac0e0de1d9c6d7') in 0.0112081 seconds
Number of updated asset objects reloaded before import = 0Number of asset objects unloaded after import = 1

========================================================================
Received Import Request.
  Time since last request: 0.000025 seconds.
  path: Assets/Materials/LineRenderMaterial.mat
  artifactKey: Guid(007cd3dce0e6539409edcc484011c877) Importer(2089858483,192608db42251d675da83286b1cce702)
Start importing Assets/Materials/LineRenderMaterial.mat using Guid(007cd3dce0e6539409edcc484011c877) Importer(2089858483,192608db42251d675da83286b1cce702) (ScriptedImporter) -> (artifact id: 'e47e7d9b0b3f9fd26ecea9fbe720fef4') in 0.0052967 seconds
Number of updated asset objects reloaded before import = 0Number of asset objects unloaded after import = 1

========================================================================
Received Import Request.
  Time since last request: 0.000029 seconds.
  path: Assets/Textures/ArchesDiffuse.png
  artifactKey: Guid(f991c5ebb40b5db42b9505a1a96c5ffa) Importer(2089858483,192608db42251d675da83286b1cce702)
Start importing Assets/Textures/ArchesDiffuse.png using Guid(f991c5ebb40b5db42b9505a1a96c5ffa) Importer(2089858483,192608db42251d675da83286b1cce702) (ScriptedImporter) -> (artifact id: 'a689a525093c908035a74bcc9b82b369') in 0.0105043 seconds
Number of updated asset objects reloaded before import = 0Number of asset objects unloaded after import = 1

========================================================================
Received Import Request.
  Time since last request: 0.000030 seconds.
  path: Assets/Materials/TrainMaterial.mat
  artifactKey: Guid(0d545cb791fbdf34a8344533f47c4358) Importer(2089858483,192608db42251d675da83286b1cce702)
Start importing Assets/Materials/TrainMaterial.mat using Guid(0d545cb791fbdf34a8344533f47c4358) Importer(2089858483,192608db42251d675da83286b1cce702) (ScriptedImporter) -> (artifact id: '2dd1a6131bccb5e53bf356eba6f70f7c') in 0.0210149 seconds
Number of updated asset objects reloaded before import = 0Number of asset objects unloaded after import = 4

========================================================================
Received Import Request.
  Time since last request: 0.000028 seconds.
  path: Assets/Textures/FiretruckSpecular.tif
  artifactKey: Guid(04ebcf76f8471d946a0c79bc029b4141) Importer(2089858483,192608db42251d675da83286b1cce702)
Start importing Assets/Textures/FiretruckSpecular.tif using Guid(04ebcf76f8471d946a0c79bc029b4141) Importer(2089858483,192608db42251d675da83286b1cce702) (ScriptedImporter) -> (artifact id: 'c0e278b87f6d1ab2306bbb2fd53699c5') in 0.009937 seconds
Number of updated asset objects reloaded before import = 0Number of asset objects unloaded after import = 1

========================================================================
Received Import Request.
  Time since last request: 0.000017 seconds.
  path: Assets/Materials/WallMaterial.mat
  artifactKey: Guid(e196a25074146564d886222649fb88d6) Importer(2089858483,192608db42251d675da83286b1cce702)
Start importing Assets/Materials/WallMaterial.mat using Guid(e196a25074146564d886222649fb88d6) Importer(2089858483,192608db42251d675da83286b1cce702) (ScriptedImporter) -> (artifact id: '6881f08975c9423f9f169d80bca31ae6') in 0.0147026 seconds
Number of updated asset objects reloaded before import = 0Number of asset objects unloaded after import = 5

========================================================================
Received Import Request.
  Time since last request: 0.000055 seconds.
  path: Assets/Materials/ClockGlassMaterial.mat
  artifactKey: Guid(f5f51bb814b2fb344a86d653efa7820a) Importer(2089858483,192608db42251d675da83286b1cce702)
Start importing Assets/Materials/ClockGlassMaterial.mat using Guid(f5f51bb814b2fb344a86d653efa7820a) Importer(2089858483,192608db42251d675da83286b1cce702) (ScriptedImporter) -> (artifact id: '448009ca246a0a94baff481ffa56d4f3') in 0.0078222 seconds
Number of updated asset objects reloaded before import = 0Number of asset objects unloaded after import = 1

========================================================================
Received Import Request.
  Time since last request: 0.000041 seconds.
  path: Assets/Textures/FiretruckNormals.png
  artifactKey: Guid(0c47d4390b5db234dbe536895f43495d) Importer(2089858483,192608db42251d675da83286b1cce702)
Start importing Assets/Textures/FiretruckNormals.png using Guid(0c47d4390b5db234dbe536895f43495d) Importer(2089858483,192608db42251d675da83286b1cce702) (ScriptedImporter) -> (artifact id: '8bf76222f8f30aa07c892b2a344eaf95') in 0.0103747 seconds
Number of updated asset objects reloaded before import = 0Number of asset objects unloaded after import = 1

========================================================================
Received Import Request.
  Time since last request: 0.000035 seconds.
  path: Assets/Textures/PlanksSpecular.tif
  artifactKey: Guid(41a4fe639750e1f46a3f96eef43eac7e) Importer(2089858483,192608db42251d675da83286b1cce702)
Start importing Assets/Textures/PlanksSpecular.tif using Guid(41a4fe639750e1f46a3f96eef43eac7e) Importer(2089858483,192608db42251d675da83286b1cce702) (ScriptedImporter) -> (artifact id: '38c980533b5d794ff462fa2dab605f3d') in 0.0124996 seconds
Number of updated asset objects reloaded before import = 0Number of asset objects unloaded after import = 1

========================================================================
Received Import Request.
  Time since last request: 0.000022 seconds.
  path: Assets/Textures/ArchesOcclusion.png
  artifactKey: Guid(2aabe84e37c1686468b7e9741a75acfb) Importer(2089858483,192608db42251d675da83286b1cce702)
Start importing Assets/Textures/ArchesOcclusion.png using Guid(2aabe84e37c1686468b7e9741a75acfb) Importer(2089858483,192608db42251d675da83286b1cce702) (ScriptedImporter) -> (artifact id: '5da6d38a29df38ef393fa5682f21bc94') in 0.0097432 seconds
Number of updated asset objects reloaded before import = 0Number of asset objects unloaded after import = 1

========================================================================
Received Import Request.
  Time since last request: 0.000031 seconds.
  path: Assets/Textures/PlayerDiffuse.png
  artifactKey: Guid(a3cc890ba79fb47449fb51893aa9b363) Importer(2089858483,192608db42251d675da83286b1cce702)
Start importing Assets/Textures/PlayerDiffuse.png using Guid(a3cc890ba79fb47449fb51893aa9b363) Importer(2089858483,192608db42251d675da83286b1cce702) (ScriptedImporter) -> (artifact id: '08227018c10d8c0b0f3d7cd1a6cc38ca') in 0.0096586 seconds
Number of updated asset objects reloaded before import = 0Number of asset objects unloaded after import = 1

========================================================================
Received Import Request.
  Time since last request: 0.000021 seconds.
  path: Assets/Prefabs/Environment.prefab
  artifactKey: Guid(149d6dcc67e8d1240bbc0dd6ddf0c1bd) Importer(2089858483,192608db42251d675da83286b1cce702)
Start importing Assets/Prefabs/Environment.prefab using Guid(149d6dcc67e8d1240bbc0dd6ddf0c1bd) Importer(2089858483,192608db42251d675da83286b1cce702) (ScriptedImporter) -> (artifact id: 'e0731443a98839739692e08ebefa9af3') in 0.0218932 seconds
Number of updated asset objects reloaded before import = 0Number of asset objects unloaded after import = 231

========================================================================
Received Import Request.
  Time since last request: 0.000027 seconds.
  path: Assets/Textures/HearseSpecular.tif
  artifactKey: Guid(72d2e042768206b46bb11e99674a6a2d) Importer(2089858483,192608db42251d675da83286b1cce702)
Start importing Assets/Textures/HearseSpecular.tif using Guid(72d2e042768206b46bb11e99674a6a2d) Importer(2089858483,192608db42251d675da83286b1cce702) (ScriptedImporter) -> (artifact id: '3f4cf8c23306f037b7b2ca7cb6b05fec') in 0.0100496 seconds
Number of updated asset objects reloaded before import = 0Number of asset objects unloaded after import = 1

========================================================================
Received Import Request.
  Time since last request: 0.000025 seconds.
  path: Assets/Materials/DollArmMaterial.mat
  artifactKey: Guid(6e17af88287f0b448a73cc49549a64a7) Importer(2089858483,192608db42251d675da83286b1cce702)
Start importing Assets/Materials/DollArmMaterial.mat using Guid(6e17af88287f0b448a73cc49549a64a7) Importer(2089858483,192608db42251d675da83286b1cce702) (ScriptedImporter) -> (artifact id: '7fba2e0367a1c8fad188189c4d09c4a6') in 0.0082843 seconds
Number of updated asset objects reloaded before import = 0Number of asset objects unloaded after import = 4

========================================================================
Received Import Request.
  Time since last request: 0.000044 seconds.
  path: Assets/Textures/GunNormals.png
  artifactKey: Guid(8128aa17b6fcbb64e893327f11ab0239) Importer(2089858483,192608db42251d675da83286b1cce702)
Start importing Assets/Textures/GunNormals.png using Guid(8128aa17b6fcbb64e893327f11ab0239) Importer(2089858483,192608db42251d675da83286b1cce702) (ScriptedImporter) -> (artifact id: '5b2bd5f4b0acd42de4ae6077680b28b3') in 0.0105466 seconds
Number of updated asset objects reloaded before import = 0Number of asset objects unloaded after import = 1

========================================================================
Received Import Request.
  Time since last request: 0.000029 seconds.
  path: Assets/Materials/BatMaterial.mat
  artifactKey: Guid(0ef8417e2da236b41bc44d89b7d4d8b8) Importer(2089858483,192608db42251d675da83286b1cce702)
Start importing Assets/Materials/BatMaterial.mat using Guid(0ef8417e2da236b41bc44d89b7d4d8b8) Importer(2089858483,192608db42251d675da83286b1cce702) (ScriptedImporter) -> (artifact id: '2bfc4eae07dfccebb19b19e733c5fa14') in 0.0087008 seconds
Number of updated asset objects reloaded before import = 0Number of asset objects unloaded after import = 4

========================================================================
Received Import Request.
  Time since last request: 0.000045 seconds.
  path: Assets/Textures/ClockNormals.png
  artifactKey: Guid(0b02c1b0f2dee13469778171ed1ff9bb) Importer(2089858483,192608db42251d675da83286b1cce702)
Start importing Assets/Textures/ClockNormals.png using Guid(0b02c1b0f2dee13469778171ed1ff9bb) Importer(2089858483,192608db42251d675da83286b1cce702) (ScriptedImporter) -> (artifact id: '49e8532eadb069fb5b8dc9b9587020f2') in 0.0109811 seconds
Number of updated asset objects reloaded before import = 0Number of asset objects unloaded after import = 1

========================================================================
Received Import Request.
  Time since last request: 0.000029 seconds.
  path: Assets/Textures/StoolOcclusion.png
  artifactKey: Guid(f0b885155cd32d2478fb7c78b5a98c53) Importer(2089858483,192608db42251d675da83286b1cce702)
Start importing Assets/Textures/StoolOcclusion.png using Guid(f0b885155cd32d2478fb7c78b5a98c53) Importer(2089858483,192608db42251d675da83286b1cce702) (ScriptedImporter) -> (artifact id: 'f2e77754926e8b1bd12da2d4b2f33207') in 0.0097574 seconds
Number of updated asset objects reloaded before import = 0Number of asset objects unloaded after import = 1

========================================================================
Received Import Request.
  Time since last request: 0.000063 seconds.
  path: Assets/Textures/DollhouseSpecular.tif
  artifactKey: Guid(bd717824af089434aada5d941efbbe36) Importer(2089858483,192608db42251d675da83286b1cce702)
Start importing Assets/Textures/DollhouseSpecular.tif using Guid(bd717824af089434aada5d941efbbe36) Importer(2089858483,192608db42251d675da83286b1cce702) (ScriptedImporter) -> (artifact id: 'f11aea9dd325494f565d3e7e9ef0b4a7') in 0.0103869 seconds
Number of updated asset objects reloaded before import = 0Number of asset objects unloaded after import = 1

========================================================================
Received Import Request.
  Time since last request: 0.000018 seconds.
  path: Assets/Textures/DollArmDiffuse.png
  artifactKey: Guid(1b23ed5ec94433f41ae8af0e68b1ef13) Importer(2089858483,192608db42251d675da83286b1cce702)
Start importing Assets/Textures/DollArmDiffuse.png using Guid(1b23ed5ec94433f41ae8af0e68b1ef13) Importer(2089858483,192608db42251d675da83286b1cce702) (ScriptedImporter) -> (artifact id: '076d11ea9f02eae7ab25b20c039e29ae') in 0.0089644 seconds
Number of updated asset objects reloaded before import = 0Number of asset objects unloaded after import = 1

========================================================================
Received Import Request.
  Time since last request: 0.000031 seconds.
  path: Assets/Textures/BloxOcclusion.png
  artifactKey: Guid(a33e76a8a18682947930d95a62547c5f) Importer(2089858483,192608db42251d675da83286b1cce702)
Start importing Assets/Textures/BloxOcclusion.png using Guid(a33e76a8a18682947930d95a62547c5f) Importer(2089858483,192608db42251d675da83286b1cce702) (ScriptedImporter) -> (artifact id: 'a7c63727890098458ecab6679541928d') in 0.0096609 seconds
Number of updated asset objects reloaded before import = 0Number of asset objects unloaded after import = 1

========================================================================
Received Import Request.
  Time since last request: 0.033298 seconds.
  path: Assets/Textures/UIPanel.png
  artifactKey: Guid(a5a780e4a881ea44f88afed421a63c3a) Importer(2089858483,192608db42251d675da83286b1cce702)
Start importing Assets/Textures/UIPanel.png using Guid(a5a780e4a881ea44f88afed421a63c3a) Importer(2089858483,192608db42251d675da83286b1cce702) (ScriptedImporter) -> (artifact id: 'aa02653d78d84d00eef67f5a2b0c00bf') in 0.0085635 seconds
Number of updated asset objects reloaded before import = 0Number of asset objects unloaded after import = 3

========================================================================
Received Import Request.
  Time since last request: 0.000013 seconds.
  path: Assets/Models/Environment/Robot.FBX
  artifactKey: Guid(37838039cb488d24ca9c078c2e1ef1b1) Importer(2089858483,192608db42251d675da83286b1cce702)
Start importing Assets/Models/Environment/Robot.FBX using Guid(37838039cb488d24ca9c078c2e1ef1b1) Importer(2089858483,192608db42251d675da83286b1cce702) (ScriptedImporter) -> (artifact id: 'd5f6e3f95ffd11d21cee5837535f7793') in 0.0386254 seconds
Number of updated asset objects reloaded before import = 0Number of asset objects unloaded after import = 10

========================================================================
Received Import Request.
  Time since last request: 0.000021 seconds.
  path: Assets/Textures/ZomBearSpecular.tif
  artifactKey: Guid(082a477a29c51434097a2cba0ae07c87) Importer(2089858483,192608db42251d675da83286b1cce702)
Start importing Assets/Textures/ZomBearSpecular.tif using Guid(082a477a29c51434097a2cba0ae07c87) Importer(2089858483,192608db42251d675da83286b1cce702) (ScriptedImporter) -> (artifact id: '984597cbb343aa6dc40b27f0d2f6269d') in 0.0089808 seconds
Number of updated asset objects reloaded before import = 0Number of asset objects unloaded after import = 1

========================================================================
Received Import Request.
  Time since last request: 0.000031 seconds.
  path: Assets/Models/Environment/Clock.fbx
  artifactKey: Guid(e03ae68b9fdf406439d6f7e50456dc75) Importer(2089858483,192608db42251d675da83286b1cce702)
Start importing Assets/Models/Environment/Clock.fbx using Guid(e03ae68b9fdf406439d6f7e50456dc75) Importer(2089858483,192608db42251d675da83286b1cce702) (ScriptedImporter) -> (artifact id: '0d293a182290fef98c341f92b5de28f9') in 0.0132895 seconds
Number of updated asset objects reloaded before import = 0Number of asset objects unloaded after import = 11

========================================================================
Received Import Request.
  Time since last request: 0.000028 seconds.
  path: Assets/Audio/Effects/ZomBear Hurt.wav
  artifactKey: Guid(1d4840678e677424b8921716c72397ea) Importer(2089858483,192608db42251d675da83286b1cce702)
Start importing Assets/Audio/Effects/ZomBear Hurt.wav using Guid(1d4840678e677424b8921716c72397ea) Importer(2089858483,192608db42251d675da83286b1cce702) (ScriptedImporter) -> (artifact id: '3a54f3245634eadadf8641168ef934e0') in 0.0295603 seconds
Number of updated asset objects reloaded before import = 0Number of asset objects unloaded after import = 1

========================================================================
Received Import Request.
  Time since last request: 0.000016 seconds.
  path: Assets/Audio/Effects/ZomBunny Death.wav
  artifactKey: Guid(1d3bfb9269f136947bf8ac164cace1ff) Importer(2089858483,192608db42251d675da83286b1cce702)
Start importing Assets/Audio/Effects/ZomBunny Death.wav using Guid(1d3bfb9269f136947bf8ac164cace1ff) Importer(2089858483,192608db42251d675da83286b1cce702) (ScriptedImporter) -> (artifact id: 'e6495f3856ad0b11aa0a37fe471333a4') in 0.0237388 seconds
Number of updated asset objects reloaded before import = 0Number of asset objects unloaded after import = 1

========================================================================
Received Import Request.
  Time since last request: 0.000018 seconds.
  path: Assets/Textures/ZomBearOcclusion.png
  artifactKey: Guid(fa765a81bc7e9654db4e63eb74d757e8) Importer(2089858483,192608db42251d675da83286b1cce702)
Start importing Assets/Textures/ZomBearOcclusion.png using Guid(fa765a81bc7e9654db4e63eb74d757e8) Importer(2089858483,192608db42251d675da83286b1cce702) (ScriptedImporter) -> (artifact id: 'dd4f3c1bc8b19a3f6785db8b193d0c82') in 0.0085164 seconds
Number of updated asset objects reloaded before import = 0Number of asset objects unloaded after import = 1

========================================================================
Received Import Request.
  Time since last request: 0.000018 seconds.
  path: Assets/Textures/WallOcclusion.png
  artifactKey: Guid(a62ef14f9fc2e92449d8e3182a679ca4) Importer(2089858483,192608db42251d675da83286b1cce702)
Start importing Assets/Textures/WallOcclusion.png using Guid(a62ef14f9fc2e92449d8e3182a679ca4) Importer(2089858483,192608db42251d675da83286b1cce702) (ScriptedImporter) -> (artifact id: '129f27e42ee1d5c15e44a3409ec2698e') in 0.0092281 seconds
Number of updated asset objects reloaded before import = 0Number of asset objects unloaded after import = 1

========================================================================
Received Import Request.
  Time since last request: 0.000052 seconds.
  path: Assets/Audio/Effects/Player Death.wav
  artifactKey: Guid(d36a393bca4582043982db9089e1694f) Importer(2089858483,192608db42251d675da83286b1cce702)
Start importing Assets/Audio/Effects/Player Death.wav using Guid(d36a393bca4582043982db9089e1694f) Importer(2089858483,192608db42251d675da83286b1cce702) (ScriptedImporter) -> (artifact id: '77ef394c56441fc196be98b28662334e') in 0.0233211 seconds
Number of updated asset objects reloaded before import = 0Number of asset objects unloaded after import = 1

========================================================================
Received Import Request.
  Time since last request: 0.000023 seconds.
  path: Assets/Models/Environment/Bat.fbx
  artifactKey: Guid(9f185e9167e4f99489912e1b6d9899bf) Importer(2089858483,192608db42251d675da83286b1cce702)
Start importing Assets/Models/Environment/Bat.fbx using Guid(9f185e9167e4f99489912e1b6d9899bf) Importer(2089858483,192608db42251d675da83286b1cce702) (ScriptedImporter) -> (artifact id: '5be127b74fe85e29e7eca93248675777') in 0.0145525 seconds
Number of updated asset objects reloaded before import = 0Number of asset objects unloaded after import = 10

========================================================================
Received Import Request.
  Time since last request: 0.000025 seconds.
  path: Assets/Textures/WallDiffuse.png
  artifactKey: Guid(aa18764e367f1a14ba7b403f813be05a) Importer(2089858483,192608db42251d675da83286b1cce702)
Start importing Assets/Textures/WallDiffuse.png using Guid(aa18764e367f1a14ba7b403f813be05a) Importer(2089858483,192608db42251d675da83286b1cce702) (ScriptedImporter) -> (artifact id: 'cd19f76a150c22d0cabe6d4a58469d37') in 0.0094971 seconds
Number of updated asset objects reloaded before import = 0Number of asset objects unloaded after import = 1

========================================================================
Received Import Request.
  Time since last request: 0.000015 seconds.
  path: Assets/Textures/ZomBearEmission.png
  artifactKey: Guid(0513a639646d5434085ed846c332e341) Importer(2089858483,192608db42251d675da83286b1cce702)
Start importing Assets/Textures/ZomBearEmission.png using Guid(0513a639646d5434085ed846c332e341) Importer(2089858483,192608db42251d675da83286b1cce702) (ScriptedImporter) -> (artifact id: '78dc5c0bb312014421389cce87e3906e') in 0.0075559 seconds
Number of updated asset objects reloaded before import = 0Number of asset objects unloaded after import = 1

========================================================================
Received Import Request.
  Time since last request: 0.000024 seconds.
  path: Assets/Audio/Effects/Player GunShot.wav
  artifactKey: Guid(fa7f046ce321d4021b5e753bf1152916) Importer(2089858483,192608db42251d675da83286b1cce702)
Start importing Assets/Audio/Effects/Player GunShot.wav using Guid(fa7f046ce321d4021b5e753bf1152916) Importer(2089858483,192608db42251d675da83286b1cce702) (ScriptedImporter) -> (artifact id: '6031d36e08eb06ff41ec7044ecc04d4e') in 0.0249705 seconds
Number of updated asset objects reloaded before import = 0Number of asset objects unloaded after import = 1

========================================================================
Received Import Request.
  Time since last request: 0.000022 seconds.
  path: Assets/Models/Environment/Arches.fbx
  artifactKey: Guid(83ce4d1897bf5de438ba201190387a04) Importer(2089858483,192608db42251d675da83286b1cce702)
Start importing Assets/Models/Environment/Arches.fbx using Guid(83ce4d1897bf5de438ba201190387a04) Importer(2089858483,192608db42251d675da83286b1cce702) (ScriptedImporter) -> (artifact id: '0a82eb7aa306f097fa7f96ba77ea2d0b') in 0.0123075 seconds
Number of updated asset objects reloaded before import = 0Number of asset objects unloaded after import = 10

========================================================================
Received Import Request.
  Time since last request: 0.000014 seconds.
  path: Assets/Models/Environment/DollArm.FBX
  artifactKey: Guid(121b3e7b2d66aca4fa4d229a6d434b89) Importer(2089858483,192608db42251d675da83286b1cce702)
Start importing Assets/Models/Environment/DollArm.FBX using Guid(121b3e7b2d66aca4fa4d229a6d434b89) Importer(2089858483,192608db42251d675da83286b1cce702) (ScriptedImporter) -> (artifact id: 'cdfeb3197365a7974b2146ecf7d13f73') in 0.012764 seconds
Number of updated asset objects reloaded before import = 0Number of asset objects unloaded after import = 10

========================================================================
Received Import Request.
  Time since last request: 0.000017 seconds.
  path: Assets/Audio/Music/Background Music.mp3
  artifactKey: Guid(4fff99673a41e24439d527ad0bd6b569) Importer(2089858483,192608db42251d675da83286b1cce702)
Start importing Assets/Audio/Music/Background Music.mp3 using Guid(4fff99673a41e24439d527ad0bd6b569) Importer(2089858483,192608db42251d675da83286b1cce702) (ScriptedImporter) -> (artifact id: '6a6b8b22257a153458dbd77977e3af56') in 0.0292709 seconds
Number of updated asset objects reloaded before import = 0Number of asset objects unloaded after import = 1

========================================================================
Received Import Request.
  Time since last request: 0.000037 seconds.
  path: Assets/Models/Environment/Blox.FBX
  artifactKey: Guid(6b9fc1d48e3e9874da5b00cc4970419a) Importer(2089858483,192608db42251d675da83286b1cce702)
Start importing Assets/Models/Environment/Blox.FBX using Guid(6b9fc1d48e3e9874da5b00cc4970419a) Importer(2089858483,192608db42251d675da83286b1cce702) (ScriptedImporter) -> (artifact id: 'e490fa82943c6066b22138cf2a0a4f99') in 0.012061 seconds
Number of updated asset objects reloaded before import = 0Number of asset objects unloaded after import = 10

========================================================================
Received Import Request.
  Time since last request: 0.000030 seconds.
  path: Assets/Textures/UIToggleButton.png
  artifactKey: Guid(90ee7b540ee22b84fb50965ff82a5d28) Importer(2089858483,192608db42251d675da83286b1cce702)
Start importing Assets/Textures/UIToggleButton.png using Guid(90ee7b540ee22b84fb50965ff82a5d28) Importer(2089858483,192608db42251d675da83286b1cce702) (ScriptedImporter) -> (artifact id: 'd91109c75acef9b5d0d80772a48b94d2') in 0.0102266 seconds
Number of updated asset objects reloaded before import = 0Number of asset objects unloaded after import = 3

========================================================================
Received Prepare
Couldn't register non-exiting asset root folder: 'Assets'
AssetDatabase failed to register asset folder Assets
Assembly reference Packages/com.unity.cinemachine/Editor/Samples/ExposeHDRPInternals/HDRP-Editor-ref.asmref has no target assembly definition
Assembly reference Packages/com.unity.cinemachine/Editor/Samples/ExposeHDRPInternals/HDRP-Editor-ref.asmref has no target assembly definition
Begin MonoManager ReloadAssembly
- Loaded All Assemblies, in  0.353 seconds
Assembly reference Packages/com.unity.cinemachine/Editor/Samples/ExposeHDRPInternals/HDRP-Editor-ref.asmref has no target assembly definition
Refreshing native plugins compatible for Editor in 0.76 ms, found 0 plugins.
Native extension for Android target not found
Native extension for WindowsStandalone target not found
Assembly reference Packages/com.unity.cinemachine/Editor/Samples/ExposeHDRPInternals/HDRP-Editor-ref.asmref has no target assembly definition
Mono: successfully reloaded assembly
- Finished resetting the current domain, in  0.309 seconds
Domain Reload Profiling: 660ms
	BeginReloadAssembly (186ms)
		ExecutionOrderSort (0ms)
		DisableScriptedObjects (5ms)
		BackupInstance (0ms)
		ReleaseScriptingObjects (0ms)
		CreateAndSetChildDomain (34ms)
	RebuildCommonClasses (30ms)
	RebuildNativeTypeToScriptingClass (10ms)
	initialDomainReloadingComplete (21ms)
	LoadAllAssembliesAndSetupDomain (104ms)
		LoadAssemblies (192ms)
		RebuildTransferFunctionScriptingTraits (0ms)
		AnalyzeDomain (15ms)
			TypeCache.Refresh (8ms)
				TypeCache.ScanAssembly (2ms)
			BuildScriptInfoCaches (5ms)
			ResolveRequiredComponents (1ms)
	FinalizeReload (310ms)
		ReleaseScriptCaches (0ms)
		RebuildScriptCaches (0ms)
		SetupLoadedEditorAssemblies (218ms)
			LogAssemblyErrors (0ms)
			InitializePlatformSupportModulesInManaged (10ms)
			SetLoadedEditorAssemblies (2ms)
			BeforeProcessingInitializeOnLoad (81ms)
			ProcessInitializeOnLoadAttributes (100ms)
			ProcessInitializeOnLoadMethodAttributes (19ms)
			AfterProcessingInitializeOnLoad (6ms)
			EditorAssembliesLoaded (0ms)
		ExecutionOrderSort2 (0ms)
		AwakeInstancesAfterBackupRestoration (5ms)
Refreshing native plugins compatible for Editor in 0.82 ms, found 0 plugins.
Preloading 0 native plugins for Editor in 0.00 ms.
Unloading 0 Unused Serialized files (Serialized files now loaded: 0)
Unloading 65 unused Assets / (48.4 KB). Loaded Objects now: 590.
Memory consumption went from 62.2 MB to 62.1 MB.
Total: 3.672300 ms (FindLiveObjects: 0.050400 ms CreateObjectMapping: 0.006200 ms MarkObjects: 3.486800 ms  DeleteObjects: 0.127800 ms)

Prepare: number of updated asset objects reloaded= 17
